# JRE version: OpenJDK Runtime Environment Temurin-21.0.9+10 (21.0.9+10) (build 21.0.9+10-LTS)
# Java VM: OpenJDK 64-Bit Server VM Temurin-21.0.9+10 (21.0.9+10-LTS, mixed mode, sharing, tiered, compressed oops, compressed class ptrs, parallel gc, windows-amd64)
GC Precious Log:
 CardTable entry size: 512
 CPUs: 4 total, 4 available
 Memory: 3819M
 Large Page Support: Disabled
 NUMA Support: Disabled
 Compressed Oops: Enabled (32-bit)
 Alignments: Space 512K, Generation 512K, Heap 2M
 Heap Min Capacity: 100M
 Heap Initial Capacity: 100M
 Heap Max Capacity: 2G
 Pre-touch: Disabled
 Parallel Workers: 4
Heap:
 PSYoungGen      total 3584K, used 2465K [0x00000000d5580000, 0x00000000d5a00000, 0x0000000100000000)
  eden space 3072K, 66% used [0x00000000d5580000,0x00000000d5780770,0x00000000d5880000)
  from space 512K, 81% used [0x00000000d5900000,0x00000000d5968000,0x00000000d5980000)
  to   space 512K, 0% used [0x00000000d5980000,0x00000000d5980000,0x00000000d5a00000)
 ParOldGen       total 200704K, used 200406K [0x0000000080000000, 0x000000008c400000, 0x00000000d5580000)
  object space 200704K, 99% used [0x0000000080000000,0x000000008c3b5a78,0x000000008c400000)
 Metaspace       used 96944K, committed 98752K, reserved 1179648K
  class space    used 9644K, committed 10560K, reserved 1048576K
GC Heap History (20 events):
Event: 6373.134 GC heap before
{Heap before GC invocations=5236 (full 12):
 PSYoungGen      total 2560K, used 2528K [0x00000000d5580000, 0x00000000d5a80000, 0x0000000100000000)
  eden space 2048K, 100% used [0x00000000d5580000,0x00000000d5780000,0x00000000d5780000)
  from space 512K, 93% used [0x00000000d5880000,0x00000000d58f8010,0x00000000d5900000)
  to   space 1024K, 0% used [0x00000000d5980000,0x00000000d5980000,0x00000000d5a80000)
 ParOldGen       total 197632K, used 197159K [0x0000000080000000, 0x000000008c100000, 0x00000000d5580000)
  object space 197632K, 99% used [0x0000000080000000,0x000000008c089ce8,0x000000008c100000)
 Metaspace       used 96934K, committed 98752K, reserved 1179648K
  class space    used 9644K, committed 10560K, reserved 1048576K
}
Event: 6373.143 GC heap after
{Heap after GC invocations=5236 (full 12):
 PSYoungGen      total 3072K, used 551K [0x00000000d5580000, 0x00000000d5a80000, 0x0000000100000000)
  eden space 2048K, 0% used [0x00000000d5580000,0x00000000d5580000,0x00000000d5780000)
  from space 1024K, 53% used [0x00000000d5980000,0x00000000d5a09d40,0x00000000d5a80000)
  to   space 1024K, 0% used [0x00000000d5880000,0x00000000d5880000,0x00000000d5980000)
 ParOldGen       total 197632K, used 197543K [0x0000000080000000, 0x000000008c100000, 0x00000000d5580000)
  object space 197632K, 99% used [0x0000000080000000,0x000000008c0e9cf8,0x000000008c100000)
 Metaspace       used 96934K, committed 98752K, reserved 1179648K
  class space    used 9644K, committed 10560K, reserved 1048576K
}
Event: 6373.202 GC heap before
{Heap before GC invocations=5237 (full 12):
 PSYoungGen      total 3072K, used 2599K [0x00000000d5580000, 0x00000000d5a80000, 0x0000000100000000)
  eden space 2048K, 100% used [0x00000000d5580000,0x00000000d5780000,0x00000000d5780000)
  from space 1024K, 53% used [0x00000000d5980000,0x00000000d5a09d40,0x00000000d5a80000)
  to   space 1024K, 0% used [0x00000000d5880000,0x00000000d5880000,0x00000000d5980000)
 ParOldGen       total 197632K, used 197543K [0x0000000080000000, 0x000000008c100000, 0x00000000d5580000)
  object space 197632K, 99% used [0x0000000080000000,0x000000008c0e9cf8,0x000000008c100000)
 Metaspace       used 96934K, committed 98752K, reserved 1179648K
  class space    used 9644K, committed 10560K, reserved 1048576K
}
Event: 6373.209 GC heap after
{Heap after GC invocations=5237 (full 12):
 PSYoungGen      total 3072K, used 407K [0x00000000d5580000, 0x00000000d5a00000, 0x0000000100000000)
  eden space 2048K, 0% used [0x00000000d5580000,0x00000000d5580000,0x00000000d5780000)
  from space 1024K, 39% used [0x00000000d5880000,0x00000000d58e5f50,0x00000000d5980000)
  to   space 512K, 0% used [0x00000000d5980000,0x00000000d5980000,0x00000000d5a00000)
 ParOldGen       total 198144K, used 197970K [0x0000000080000000, 0x000000008c180000, 0x00000000d5580000)
  object space 198144K, 99% used [0x0000000080000000,0x000000008c154b38,0x000000008c180000)
 Metaspace       used 96934K, committed 98752K, reserved 1179648K
  class space    used 9644K, committed 10560K, reserved 1048576K
}
Event: 6373.266 GC heap before
{Heap before GC invocations=5238 (full 12):
 PSYoungGen      total 3072K, used 2455K [0x00000000d5580000, 0x00000000d5a00000, 0x0000000100000000)
  eden space 2048K, 100% used [0x00000000d5580000,0x00000000d5780000,0x00000000d5780000)
  from space 1024K, 39% used [0x00000000d5880000,0x00000000d58e5f50,0x00000000d5980000)
  to   space 512K, 0% used [0x00000000d5980000,0x00000000d5980000,0x00000000d5a00000)
 ParOldGen       total 198144K, used 197970K [0x0000000080000000, 0x000000008c180000, 0x00000000d5580000)
  object space 198144K, 99% used [0x0000000080000000,0x000000008c154b38,0x000000008c180000)
 Metaspace       used 96934K, committed 98752K, reserved 1179648K
  class space    used 9644K, committed 10560K, reserved 1048576K
}
Event: 6373.274 GC heap after
{Heap after GC invocations=5238 (full 12):
 PSYoungGen      total 2560K, used 486K [0x00000000d5580000, 0x00000000d5a00000, 0x0000000100000000)
  eden space 2048K, 0% used [0x00000000d5580000,0x00000000d5580000,0x00000000d5780000)
  from space 512K, 94% used [0x00000000d5980000,0x00000000d59f9820,0x00000000d5a00000)
  to   space 512K, 0% used [0x00000000d5900000,0x00000000d5900000,0x00000000d5980000)
 ParOldGen       total 198656K, used 198322K [0x0000000080000000, 0x000000008c200000, 0x00000000d5580000)
  object space 198656K, 99% used [0x0000000080000000,0x000000008c1aca88,0x000000008c200000)
 Metaspace       used 96934K, committed 98752K, reserved 1179648K
  class space    used 9644K, committed 10560K, reserved 1048576K
}
Event: 6373.276 GC heap before
{Heap before GC invocations=5239 (full 12):
 PSYoungGen      total 2560K, used 2534K [0x00000000d5580000, 0x00000000d5a00000, 0x0000000100000000)
  eden space 2048K, 99% used [0x00000000d5580000,0x00000000d577ffe8,0x00000000d5780000)
  from space 512K, 94% used [0x00000000d5980000,0x00000000d59f9820,0x00000000d5a00000)
  to   space 512K, 0% used [0x00000000d5900000,0x00000000d5900000,0x00000000d5980000)
 ParOldGen       total 198656K, used 198322K [0x0000000080000000, 0x000000008c200000, 0x00000000d5580000)
  object space 198656K, 99% used [0x0000000080000000,0x000000008c1aca88,0x000000008c200000)
 Metaspace       used 96934K, committed 98752K, reserved 1179648K
  class space    used 9644K, committed 10560K, reserved 1048576K
}
Event: 6373.277 GC heap after
{Heap after GC invocations=5239 (full 12):
 PSYoungGen      total 2560K, used 192K [0x00000000d5580000, 0x00000000d5a00000, 0x0000000100000000)
  eden space 2048K, 0% used [0x00000000d5580000,0x00000000d5580000,0x00000000d5780000)
  from space 512K, 37% used [0x00000000d5900000,0x00000000d5930000,0x00000000d5980000)
  to   space 512K, 0% used [0x00000000d5980000,0x00000000d5980000,0x00000000d5a00000)
 ParOldGen       total 199168K, used 198752K [0x0000000080000000, 0x000000008c280000, 0x00000000d5580000)
  object space 199168K, 99% used [0x0000000080000000,0x000000008c2182e8,0x000000008c280000)
 Metaspace       used 96934K, committed 98752K, reserved 1179648K
  class space    used 9644K, committed 10560K, reserved 1048576K
}
Event: 6373.309 GC heap before
{Heap before GC invocations=5240 (full 12):
 PSYoungGen      total 2560K, used 2240K [0x00000000d5580000, 0x00000000d5a00000, 0x0000000100000000)
  eden space 2048K, 100% used [0x00000000d5580000,0x00000000d5780000,0x00000000d5780000)
  from space 512K, 37% used [0x00000000d5900000,0x00000000d5930000,0x00000000d5980000)
  to   space 512K, 0% used [0x00000000d5980000,0x00000000d5980000,0x00000000d5a00000)
 ParOldGen       total 199168K, used 198752K [0x0000000080000000, 0x000000008c280000, 0x00000000d5580000)
  object space 199168K, 99% used [0x0000000080000000,0x000000008c2182e8,0x000000008c280000)
 Metaspace       used 96934K, committed 98752K, reserved 1179648K
  class space    used 9644K, committed 10560K, reserved 1048576K
}
Event: 6373.313 GC heap after
{Heap after GC invocations=5240 (full 12):
 PSYoungGen      total 2560K, used 288K [0x00000000d5580000, 0x00000000d5a00000, 0x0000000100000000)
  eden space 2048K, 0% used [0x00000000d5580000,0x00000000d5580000,0x00000000d5780000)
  from space 512K, 56% used [0x00000000d5980000,0x00000000d59c8000,0x00000000d5a00000)
  to   space 512K, 0% used [0x00000000d5900000,0x00000000d5900000,0x00000000d5980000)
 ParOldGen       total 199168K, used 198872K [0x0000000080000000, 0x000000008c280000, 0x00000000d5580000)
  object space 199168K, 99% used [0x0000000080000000,0x000000008c236308,0x000000008c280000)
 Metaspace       used 96934K, committed 98752K, reserved 1179648K
  class space    used 9644K, committed 10560K, reserved 1048576K
}
Event: 6373.347 GC heap before
{Heap before GC invocations=5241 (full 12):
 PSYoungGen      total 2560K, used 2336K [0x00000000d5580000, 0x00000000d5a00000, 0x0000000100000000)
  eden space 2048K, 100% used [0x00000000d5580000,0x00000000d5780000,0x00000000d5780000)
  from space 512K, 56% used [0x00000000d5980000,0x00000000d59c8000,0x00000000d5a00000)
  to   space 512K, 0% used [0x00000000d5900000,0x00000000d5900000,0x00000000d5980000)
 ParOldGen       total 199168K, used 198872K [0x0000000080000000, 0x000000008c280000, 0x00000000d5580000)
  object space 199168K, 99% used [0x0000000080000000,0x000000008c236308,0x000000008c280000)
 Metaspace       used 96934K, committed 98752K, reserved 1179648K
  class space    used 9644K, committed 10560K, reserved 1048576K
}
Event: 6373.350 GC heap after
{Heap after GC invocations=5241 (full 12):
 PSYoungGen      total 2560K, used 436K [0x00000000d5580000, 0x00000000d5a00000, 0x0000000100000000)
  eden space 2048K, 0% used [0x00000000d5580000,0x00000000d5580000,0x00000000d5780000)
  from space 512K, 85% used [0x00000000d5900000,0x00000000d596d200,0x00000000d5980000)
  to   space 512K, 0% used [0x00000000d5980000,0x00000000d5980000,0x00000000d5a00000)
 ParOldGen       total 199168K, used 199088K [0x0000000080000000, 0x000000008c280000, 0x00000000d5580000)
  object space 199168K, 99% used [0x0000000080000000,0x000000008c26c328,0x000000008c280000)
 Metaspace       used 96934K, committed 98752K, reserved 1179648K
  class space    used 9644K, committed 10560K, reserved 1048576K
}
Event: 6373.358 GC heap before
{Heap before GC invocations=5242 (full 12):
 PSYoungGen      total 2560K, used 2484K [0x00000000d5580000, 0x00000000d5a00000, 0x0000000100000000)
  eden space 2048K, 100% used [0x00000000d5580000,0x00000000d5780000,0x00000000d5780000)
  from space 512K, 85% used [0x00000000d5900000,0x00000000d596d200,0x00000000d5980000)
  to   space 512K, 0% used [0x00000000d5980000,0x00000000d5980000,0x00000000d5a00000)
 ParOldGen       total 199168K, used 199088K [0x0000000080000000, 0x000000008c280000, 0x00000000d5580000)
  object space 199168K, 99% used [0x0000000080000000,0x000000008c26c328,0x000000008c280000)
 Metaspace       used 96934K, committed 98752K, reserved 1179648K
  class space    used 9644K, committed 10560K, reserved 1048576K
}
Event: 6373.360 GC heap after
{Heap after GC invocations=5242 (full 12):
 PSYoungGen      total 2560K, used 407K [0x00000000d5580000, 0x00000000d5a00000, 0x0000000100000000)
  eden space 2048K, 0% used [0x00000000d5580000,0x00000000d5580000,0x00000000d5780000)
  from space 512K, 79% used [0x00000000d5980000,0x00000000d59e5f50,0x00000000d5a00000)
  to   space 512K, 0% used [0x00000000d5900000,0x00000000d5900000,0x00000000d5980000)
 ParOldGen       total 199680K, used 199484K [0x0000000080000000, 0x000000008c300000, 0x00000000d5580000)
  object space 199680K, 99% used [0x0000000080000000,0x000000008c2cf2b8,0x000000008c300000)
 Metaspace       used 96934K, committed 98752K, reserved 1179648K
  class space    used 9644K, committed 10560K, reserved 1048576K
}
Event: 6373.364 GC heap before
{Heap before GC invocations=5243 (full 12):
 PSYoungGen      total 2560K, used 2455K [0x00000000d5580000, 0x00000000d5a00000, 0x0000000100000000)
  eden space 2048K, 100% used [0x00000000d5580000,0x00000000d5780000,0x00000000d5780000)
  from space 512K, 79% used [0x00000000d5980000,0x00000000d59e5f50,0x00000000d5a00000)
  to   space 512K, 0% used [0x00000000d5900000,0x00000000d5900000,0x00000000d5980000)
 ParOldGen       total 199680K, used 199484K [0x0000000080000000, 0x000000008c300000, 0x00000000d5580000)
  object space 199680K, 99% used [0x0000000080000000,0x000000008c2cf2b8,0x000000008c300000)
 Metaspace       used 96934K, committed 98752K, reserved 1179648K
  class space    used 9644K, committed 10560K, reserved 1048576K
}
Event: 6373.366 GC heap after
{Heap after GC invocations=5243 (full 12):
 PSYoungGen      total 2560K, used 486K [0x00000000d5580000, 0x00000000d5a00000, 0x0000000100000000)
  eden space 2048K, 0% used [0x00000000d5580000,0x00000000d5580000,0x00000000d5780000)
  from space 512K, 94% used [0x00000000d5900000,0x00000000d5979820,0x00000000d5980000)
  to   space 512K, 0% used [0x00000000d5980000,0x00000000d5980000,0x00000000d5a00000)
 ParOldGen       total 200192K, used 199852K [0x0000000080000000, 0x000000008c380000, 0x00000000d5580000)
  object space 200192K, 99% used [0x0000000080000000,0x000000008c32b208,0x000000008c380000)
 Metaspace       used 96934K, committed 98752K, reserved 1179648K
  class space    used 9644K, committed 10560K, reserved 1048576K
}
Event: 6373.369 GC heap before
{Heap before GC invocations=5244 (full 12):
 PSYoungGen      total 2560K, used 2534K [0x00000000d5580000, 0x00000000d5a00000, 0x0000000100000000)
  eden space 2048K, 100% used [0x00000000d5580000,0x00000000d5780000,0x00000000d5780000)
  from space 512K, 94% used [0x00000000d5900000,0x00000000d5979820,0x00000000d5980000)
  to   space 512K, 0% used [0x00000000d5980000,0x00000000d5980000,0x00000000d5a00000)
 ParOldGen       total 200192K, used 199852K [0x0000000080000000, 0x000000008c380000, 0x00000000d5580000)
  object space 200192K, 99% used [0x0000000080000000,0x000000008c32b208,0x000000008c380000)
 Metaspace       used 96934K, committed 98752K, reserved 1179648K
  class space    used 9644K, committed 10560K, reserved 1048576K
}
Event: 6373.373 GC heap after
{Heap after GC invocations=5244 (full 12):
 PSYoungGen      total 3072K, used 224K [0x00000000d5580000, 0x00000000d5a00000, 0x0000000100000000)
  eden space 2560K, 0% used [0x00000000d5580000,0x00000000d5580000,0x00000000d5800000)
  from space 512K, 43% used [0x00000000d5980000,0x00000000d59b8000,0x00000000d5a00000)
  to   space 512K, 0% used [0x00000000d5900000,0x00000000d5900000,0x00000000d5980000)
 ParOldGen       total 200704K, used 200254K [0x0000000080000000, 0x000000008c400000, 0x00000000d5580000)
  object space 200704K, 99% used [0x0000000080000000,0x000000008c38fa58,0x000000008c400000)
 Metaspace       used 96934K, committed 98752K, reserved 1179648K
  class space    used 9644K, committed 10560K, reserved 1048576K
}
Event: 6373.400 GC heap before
{Heap before GC invocations=5245 (full 12):
 PSYoungGen      total 3072K, used 2784K [0x00000000d5580000, 0x00000000d5a00000, 0x0000000100000000)
  eden space 2560K, 100% used [0x00000000d5580000,0x00000000d5800000,0x00000000d5800000)
  from space 512K, 43% used [0x00000000d5980000,0x00000000d59b8000,0x00000000d5a00000)
  to   space 512K, 0% used [0x00000000d5900000,0x00000000d5900000,0x00000000d5980000)
 ParOldGen       total 200704K, used 200254K [0x0000000080000000, 0x000000008c400000, 0x00000000d5580000)
  object space 200704K, 99% used [0x0000000080000000,0x000000008c38fa58,0x000000008c400000)
 Metaspace       used 96934K, committed 98752K, reserved 1179648K
  class space    used 9644K, committed 10560K, reserved 1048576K
}
Event: 6373.404 GC heap after
{Heap after GC invocations=5245 (full 12):
 PSYoungGen      total 3584K, used 416K [0x00000000d5580000, 0x00000000d5a00000, 0x0000000100000000)
  eden space 3072K, 0% used [0x00000000d5580000,0x00000000d5580000,0x00000000d5880000)
  from space 512K, 81% used [0x00000000d5900000,0x00000000d5968000,0x00000000d5980000)
  to   space 512K, 0% used [0x00000000d5980000,0x00000000d5980000,0x00000000d5a00000)
 ParOldGen       total 200704K, used 200406K [0x0000000080000000, 0x000000008c400000, 0x00000000d5580000)
  object space 200704K, 99% used [0x0000000080000000,0x000000008c3b5a78,0x000000008c400000)
 Metaspace       used 96934K, committed 98752K, reserved 1179648K
  class space    used 9644K, committed 10560K, reserved 1048576K
}

